<?xml version="1.0" encoding="UTF-8"?>
<!-- Generated by org.testng.reporters.JUnitReportReporter -->
<testsuite hostname="225-Animesh-EIMS" failures="0" tests="1" name="tests.headerCheck" time="5.017" errors="0" timestamp="2024-09-03T17:58:19 IST" skipped="0">
  <testcase classname="tests.headerCheck" name="headerOptionsClickEvent" time="5.017"/>
  <system-out/>
</testsuite> <!-- tests.headerCheck -->
