<?xml version="1.0" encoding="UTF-8"?>
<!-- Generated by org.testng.reporters.JUnitReportReporter -->
<testsuite hostname="225-Animesh-EIMS" failures="0" tests="1" name="tests.loadingCheck" time="7.094" errors="0" timestamp="2024-09-03T17:12:20 IST" skipped="0">
  <testcase classname="tests.loadingCheck" name="urlLoading" time="7.094"/>
  <system-out/>
</testsuite> <!-- tests.loadingCheck -->
